<testsuites id="" name="" tests="199" failures="116" skipped="0" errors="0" time="797.0239670000001">
<testsuite name="api-integration.spec.ts" timestamp="2025-10-01T10:20:41.011Z" hostname="chromium-desktop" tests="9" failures="1" skipped="0" time="3.995" errors="0">
<testcase name="API Integration Testing › Authentication Endpoints" classname="api-integration.spec.ts" time="0.405">
<system-out>
<![CDATA[
🔐 Testing Authentication Endpoints
🔐 Authenticating for API tests...
❌ Authentication error: Error: apiRequestContext.post: Fixture { request } from beforeAll cannot be reused in a test.
  - Recommended fix: use a separate { request } in the test.
  - Alternatively, manually create APIRequestContext in beforeAll and dispose it in afterAll.
See https://playwright.dev/docs/api-testing#sending-api-requests-from-ui-tests for more details.

📡 Testing Authentication Endpoints...
🔍 Testing POST /api/auth/login...
  ❌ POST /api/auth/login: apiRequestContext.post: Fixture { request } from beforeAll cannot be reused in a test.
  - Recommended fix: use a separate { request } in the test.
  - Alternatively, manually create APIRequestContext in beforeAll and dispose it in afterAll.
See https://playwright.dev/docs/api-testing#sending-api-requests-from-ui-tests for more details.
🔍 Testing POST /api/auth/logout...
  ❌ POST /api/auth/logout: apiRequestContext.post: Fixture { request } from beforeAll cannot be reused in a test.
  - Recommended fix: use a separate { request } in the test.
  - Alternatively, manually create APIRequestContext in beforeAll and dispose it in afterAll.
See https://playwright.dev/docs/api-testing#sending-api-requests-from-ui-tests for more details.
🔍 Testing GET /api/auth/profile...
  ❌ GET /api/auth/profile: apiRequestContext.get: Fixture { request } from beforeAll cannot be reused in a test.
  - Recommended fix: use a separate { request } in the test.
  - Alternatively, manually create APIRequestContext in beforeAll and dispose it in afterAll.
See https://playwright.dev/docs/api-testing#sending-api-requests-from-ui-tests for more details.
🔍 Testing POST /api/auth/refresh...
  ❌ POST /api/auth/refresh: apiRequestContext.post: Fixture { request } from beforeAll cannot be reused in a test.
  - Recommended fix: use a separate { request } in the test.
  - Alternatively, manually create APIRequestContext in beforeAll and dispose it in afterAll.
See https://playwright.dev/docs/api-testing#sending-api-requests-from-ui-tests for more details.
]]>
</system-out>
</testcase>
<testcase name="API Integration Testing › Session Management Endpoints" classname="api-integration.spec.ts" time="0.409">
<system-out>
<![CDATA[
🎯 Testing Session Management Endpoints

📡 Testing Session Management Endpoints...
🔍 Testing POST /api/session/start...
  ❌ POST /api/session/start: apiRequestContext.post: Fixture { request } from beforeAll cannot be reused in a test.
  - Recommended fix: use a separate { request } in the test.
  - Alternatively, manually create APIRequestContext in beforeAll and dispose it in afterAll.
See https://playwright.dev/docs/api-testing#sending-api-requests-from-ui-tests for more details.
🔍 Testing POST /api/session/end...
  ❌ POST /api/session/end: apiRequestContext.post: Fixture { request } from beforeAll cannot be reused in a test.
  - Recommended fix: use a separate { request } in the test.
  - Alternatively, manually create APIRequestContext in beforeAll and dispose it in afterAll.
See https://playwright.dev/docs/api-testing#sending-api-requests-from-ui-tests for more details.
🔍 Testing GET /api/session/status...
  ❌ GET /api/session/status: apiRequestContext.get: Fixture { request } from beforeAll cannot be reused in a test.
  - Recommended fix: use a separate { request } in the test.
  - Alternatively, manually create APIRequestContext in beforeAll and dispose it in afterAll.
See https://playwright.dev/docs/api-testing#sending-api-requests-from-ui-tests for more details.
🔍 Testing POST /api/session/metrics...
  ❌ POST /api/session/metrics: apiRequestContext.post: Fixture { request } from beforeAll cannot be reused in a test.
  - Recommended fix: use a separate { request } in the test.
  - Alternatively, manually create APIRequestContext in beforeAll and dispose it in afterAll.
See https://playwright.dev/docs/api-testing#sending-api-requests-from-ui-tests for more details.
]]>
</system-out>
</testcase>
<testcase name="API Integration Testing › LiveKit Integration Endpoints" classname="api-integration.spec.ts" time="0.305">
<system-out>
<![CDATA[
🎙️ Testing LiveKit Integration Endpoints

📡 Testing LiveKit Integration Endpoints...
🔍 Testing POST /api/livekit/token...
  ❌ POST /api/livekit/token: apiRequestContext.post: Fixture { request } from beforeAll cannot be reused in a test.
  - Recommended fix: use a separate { request } in the test.
  - Alternatively, manually create APIRequestContext in beforeAll and dispose it in afterAll.
See https://playwright.dev/docs/api-testing#sending-api-requests-from-ui-tests for more details.
🔍 Testing POST /api/livekit/webhook...
  ❌ POST /api/livekit/webhook: apiRequestContext.post: Fixture { request } from beforeAll cannot be reused in a test.
  - Recommended fix: use a separate { request } in the test.
  - Alternatively, manually create APIRequestContext in beforeAll and dispose it in afterAll.
See https://playwright.dev/docs/api-testing#sending-api-requests-from-ui-tests for more details.
🔍 Testing GET /api/livekit/rooms...
  ❌ GET /api/livekit/rooms: apiRequestContext.get: Fixture { request } from beforeAll cannot be reused in a test.
  - Recommended fix: use a separate { request } in the test.
  - Alternatively, manually create APIRequestContext in beforeAll and dispose it in afterAll.
See https://playwright.dev/docs/api-testing#sending-api-requests-from-ui-tests for more details.
]]>
</system-out>
</testcase>
<testcase name="API Integration Testing › Transcription Service Endpoints" classname="api-integration.spec.ts" time="0.304">
<system-out>
<![CDATA[
💬 Testing Transcription Service Endpoints

📡 Testing Transcription Service Endpoints...
🔍 Testing POST /api/transcription...
  ❌ POST /api/transcription: apiRequestContext.post: Fixture { request } from beforeAll cannot be reused in a test.
  - Recommended fix: use a separate { request } in the test.
  - Alternatively, manually create APIRequestContext in beforeAll and dispose it in afterAll.
See https://playwright.dev/docs/api-testing#sending-api-requests-from-ui-tests for more details.
🔍 Testing GET /api/transcription/history...
  ❌ GET /api/transcription/history: apiRequestContext.get: Fixture { request } from beforeAll cannot be reused in a test.
  - Recommended fix: use a separate { request } in the test.
  - Alternatively, manually create APIRequestContext in beforeAll and dispose it in afterAll.
See https://playwright.dev/docs/api-testing#sending-api-requests-from-ui-tests for more details.
🔍 Testing POST /api/transcription/math-render...
  ❌ POST /api/transcription/math-render: apiRequestContext.post: Fixture { request } from beforeAll cannot be reused in a test.
  - Recommended fix: use a separate { request } in the test.
  - Alternatively, manually create APIRequestContext in beforeAll and dispose it in afterAll.
See https://playwright.dev/docs/api-testing#sending-api-requests-from-ui-tests for more details.
]]>
</system-out>
</testcase>
<testcase name="API Integration Testing › Textbook and Content Endpoints" classname="api-integration.spec.ts" time="0.407">
<system-out>
<![CDATA[
📚 Testing Textbook and Content Endpoints

📡 Testing Content Management Endpoints...
🔍 Testing GET /api/textbooks...
  ❌ GET /api/textbooks: apiRequestContext.get: Fixture { request } from beforeAll cannot be reused in a test.
  - Recommended fix: use a separate { request } in the test.
  - Alternatively, manually create APIRequestContext in beforeAll and dispose it in afterAll.
See https://playwright.dev/docs/api-testing#sending-api-requests-from-ui-tests for more details.
🔍 Testing GET /api/textbooks/ncert-grade-10-maths...
  ❌ GET /api/textbooks/ncert-grade-10-maths: apiRequestContext.get: Fixture { request } from beforeAll cannot be reused in a test.
  - Recommended fix: use a separate { request } in the test.
  - Alternatively, manually create APIRequestContext in beforeAll and dispose it in afterAll.
See https://playwright.dev/docs/api-testing#sending-api-requests-from-ui-tests for more details.
🔍 Testing GET /api/curriculum...
  ❌ GET /api/curriculum: apiRequestContext.get: Fixture { request } from beforeAll cannot be reused in a test.
  - Recommended fix: use a separate { request } in the test.
  - Alternatively, manually create APIRequestContext in beforeAll and dispose it in afterAll.
See https://playwright.dev/docs/api-testing#sending-api-requests-from-ui-tests for more details.
🔍 Testing GET /api/topics...
  ❌ GET /api/topics: apiRequestContext.get: Fixture { request } from beforeAll cannot be reused in a test.
  - Recommended fix: use a separate { request } in the test.
  - Alternatively, manually create APIRequestContext in beforeAll and dispose it in afterAll.
See https://playwright.dev/docs/api-testing#sending-api-requests-from-ui-tests for more details.
]]>
</system-out>
</testcase>
<testcase name="API Integration Testing › Error Handling and Edge Cases" classname="api-integration.spec.ts" time="0.405">
<system-out>
<![CDATA[
🛡️ Testing Error Handling and Edge Cases

📡 Testing Error Handling Endpoints...
🔍 Testing GET /api/nonexistent...
  ❌ GET /api/nonexistent: apiRequestContext.get: Fixture { request } from beforeAll cannot be reused in a test.
  - Recommended fix: use a separate { request } in the test.
  - Alternatively, manually create APIRequestContext in beforeAll and dispose it in afterAll.
See https://playwright.dev/docs/api-testing#sending-api-requests-from-ui-tests for more details.
🔍 Testing POST /api/session/start...
  ❌ POST /api/session/start: apiRequestContext.post: Fixture { request } from beforeAll cannot be reused in a test.
  - Recommended fix: use a separate { request } in the test.
  - Alternatively, manually create APIRequestContext in beforeAll and dispose it in afterAll.
See https://playwright.dev/docs/api-testing#sending-api-requests-from-ui-tests for more details.
🔍 Testing POST /api/auth/login...
  ❌ POST /api/auth/login: apiRequestContext.post: Fixture { request } from beforeAll cannot be reused in a test.
  - Recommended fix: use a separate { request } in the test.
  - Alternatively, manually create APIRequestContext in beforeAll and dispose it in afterAll.
See https://playwright.dev/docs/api-testing#sending-api-requests-from-ui-tests for more details.
🔍 Testing GET /api/session/status...
  ❌ GET /api/session/status: apiRequestContext.get: Fixture { request } from beforeAll cannot be reused in a test.
  - Recommended fix: use a separate { request } in the test.
  - Alternatively, manually create APIRequestContext in beforeAll and dispose it in afterAll.
See https://playwright.dev/docs/api-testing#sending-api-requests-from-ui-tests for more details.
]]>
</system-out>
</testcase>
<testcase name="API Integration Testing › API Performance and Load Testing" classname="api-integration.spec.ts" time="1.007">
<system-out>
<![CDATA[
⚡ Testing API Performance
🔍 Testing GET /api/textbooks...
  ❌ GET /api/textbooks: apiRequestContext.get: Fixture { request } from beforeAll cannot be reused in a test.
  - Recommended fix: use a separate { request } in the test.
  - Alternatively, manually create APIRequestContext in beforeAll and dispose it in afterAll.
See https://playwright.dev/docs/api-testing#sending-api-requests-from-ui-tests for more details.
🔍 Testing GET /api/textbooks...
  ❌ GET /api/textbooks: apiRequestContext.get: Fixture { request } from beforeAll cannot be reused in a test.
  - Recommended fix: use a separate { request } in the test.
  - Alternatively, manually create APIRequestContext in beforeAll and dispose it in afterAll.
See https://playwright.dev/docs/api-testing#sending-api-requests-from-ui-tests for more details.
🔍 Testing GET /api/textbooks...
  ❌ GET /api/textbooks: apiRequestContext.get: Fixture { request } from beforeAll cannot be reused in a test.
  - Recommended fix: use a separate { request } in the test.
  - Alternatively, manually create APIRequestContext in beforeAll and dispose it in afterAll.
See https://playwright.dev/docs/api-testing#sending-api-requests-from-ui-tests for more details.
🔍 Testing GET /api/textbooks...
  ❌ GET /api/textbooks: apiRequestContext.get: Fixture { request } from beforeAll cannot be reused in a test.
  - Recommended fix: use a separate { request } in the test.
  - Alternatively, manually create APIRequestContext in beforeAll and dispose it in afterAll.
See https://playwright.dev/docs/api-testing#sending-api-requests-from-ui-tests for more details.
🔍 Testing GET /api/textbooks...
  ❌ GET /api/textbooks: apiRequestContext.get: Fixture { request } from beforeAll cannot be reused in a test.
  - Recommended fix: use a separate { request } in the test.
  - Alternatively, manually create APIRequestContext in beforeAll and dispose it in afterAll.
See https://playwright.dev/docs/api-testing#sending-api-requests-from-ui-tests for more details.
📊 Performance Results:
   Average: 0ms
   Min: 0ms
   Max: 1ms
   Consistency: ❌ (5.0x variation)
]]>
</system-out>
</testcase>
<testcase name="API Integration Testing › Generate API Integration Report" classname="api-integration.spec.ts" time="0.007">
<failure message="api-integration.spec.ts:682:7 Generate API Integration Report" type="FAILURE">
<![CDATA[  [chromium-desktop] › api-integration.spec.ts:682:7 › API Integration Testing › Generate API Integration Report 

    Error: expect(received).toBeGreaterThanOrEqual(expected)

    Expected: >= 50
    Received:    0

      699 |
      700 |     // API should have at least 50% success rate for basic functionality
    > 701 |     expect(successRate).toBeGreaterThanOrEqual(50);
          |                         ^
      702 |   });
      703 |
      704 |   test('WebSocket Connection Testing', async ({ page }) => {
        at /Users/umasankrudhya/Projects/pinglearn/pinglearn-app/e2e/api-integration.spec.ts:701:25

    attachment #1: trace (application/zip) ─────────────────────────────────────────────────────────
    ../test-results/api-integration-API-Integr-04cf6-rate-API-Integration-Report-chromium-desktop/trace.zip
    Usage:

        npx playwright show-trace ../test-results/api-integration-API-Integr-04cf6-rate-API-Integration-Report-chromium-desktop/trace.zip

    ────────────────────────────────────────────────────────────────────────────────────────────────

    Retry #1 ───────────────────────────────────────────────────────────────────────────────────────

    Error: expect(received).toBeGreaterThanOrEqual(expected)

    Expected: >= 50
    Received:    0

      699 |
      700 |     // API should have at least 50% success rate for basic functionality
    > 701 |     expect(successRate).toBeGreaterThanOrEqual(50);
          |                         ^
      702 |   });
      703 |
      704 |   test('WebSocket Connection Testing', async ({ page }) => {
        at /Users/umasankrudhya/Projects/pinglearn/pinglearn-app/e2e/api-integration.spec.ts:701:25

    attachment #1: trace (application/zip) ─────────────────────────────────────────────────────────
    ../test-results/api-integration-API-Integr-04cf6-rate-API-Integration-Report-chromium-desktop-retry1/trace.zip
    Usage:

        npx playwright show-trace ../test-results/api-integration-API-Integr-04cf6-rate-API-Integration-Report-chromium-desktop-retry1/trace.zip

    ────────────────────────────────────────────────────────────────────────────────────────────────
]]>
</failure>
<system-out>
<![CDATA[
📊 Generating API Integration Report...

📊 API integration report saved to: e2e/test-reports/api-integration/api-integration-report.md
✅ API integration testing completed
📈 Overall API Health: 0.0% (0/5)

[[ATTACHMENT|../../test-results/api-integration-API-Integr-04cf6-rate-API-Integration-Report-chromium-desktop/trace.zip]]

📊 Generating API Integration Report...

📊 API integration report saved to: e2e/test-reports/api-integration/api-integration-report.md
✅ API integration testing completed
📈 Overall API Health: 0.0% (0/0)

[[ATTACHMENT|../../test-results/api-integration-API-Integr-04cf6-rate-API-Integration-Report-chromium-desktop-retry1/trace.zip]]
]]>
</system-out>
</testcase>
<testcase name="API Integration Testing › WebSocket Connection Testing" classname="api-integration.spec.ts" time="0.746">
<system-out>
<![CDATA[
🔌 Testing WebSocket Connections
📡 WebSocket connection: ws://localhost:3006/_next/webpack-hmr
📊 WebSocket Results:
   Connections: 1
   Messages: 2
   - ws://localhost:3006/_next/webpack-hmr
]]>
</system-out>
</testcase>
</testsuite>
<testsuite name="auth.spec.ts" timestamp="2025-10-01T10:20:41.011Z" hostname="chromium-desktop" tests="7" failures="4" skipped="0" time="93.181" errors="0">
<testcase name="Authentication Flow › should display login page" classname="auth.spec.ts" time="0.771">
</testcase>
<testcase name="Authentication Flow › should display register page" classname="auth.spec.ts" time="2.506">
</testcase>
<testcase name="Authentication Flow › should register a new user" classname="auth.spec.ts" time="20.443">
<failure message="auth.spec.ts:21:7 should register a new user" type="FAILURE">
<![CDATA[  [chromium-desktop] › auth.spec.ts:21:7 › Authentication Flow › should register a new user ────────

    Error: expect.toBeVisible: Error: strict mode violation: getByText(/registration successful/i) resolved to 2 elements:
        1) <h3 class="tracking-tight text-2xl font-bold">Registration Successful!</h3> aka getByRole('heading', { name: 'Registration Successful!' })
        2) <p class="text-muted-foreground">Registration successful! Please check your email …</p> aka getByText('Registration successful! Please check your email to confirm your account')

    Call log:
      - Expect "toBeVisible" with timeout 10000ms
      - waiting for getByText(/registration successful/i)


      35 |     
      36 |     // Should show success message (stays on same page)
    > 37 |     await expect(page.getByText(/registration successful/i)).toBeVisible({ timeout: 10000 });
         |                                                              ^
      38 |     await expect(page.getByText(/check your email/i)).toBeVisible();
      39 |   });
      40 |
        at /Users/umasankrudhya/Projects/pinglearn/pinglearn-app/e2e/auth.spec.ts:37:62

    attachment #1: screenshot (image/png) ──────────────────────────────────────────────────────────
    ../test-results/auth-Authentication-Flow-should-register-a-new-user-chromium-desktop/test-failed-1.png
    ────────────────────────────────────────────────────────────────────────────────────────────────

    Error Context: ../test-results/auth-Authentication-Flow-should-register-a-new-user-chromium-desktop/error-context.md

    attachment #3: trace (application/zip) ─────────────────────────────────────────────────────────
    ../test-results/auth-Authentication-Flow-should-register-a-new-user-chromium-desktop/trace.zip
    Usage:

        npx playwright show-trace ../test-results/auth-Authentication-Flow-should-register-a-new-user-chromium-desktop/trace.zip

    ────────────────────────────────────────────────────────────────────────────────────────────────

    Retry #1 ───────────────────────────────────────────────────────────────────────────────────────

    Error: expect.toBeVisible: Error: strict mode violation: getByText(/registration successful/i) resolved to 2 elements:
        1) <h3 class="tracking-tight text-2xl font-bold">Registration Successful!</h3> aka getByRole('heading', { name: 'Registration Successful!' })
        2) <p class="text-muted-foreground">Registration successful! Please check your email …</p> aka getByText('Registration successful! Please check your email to confirm your account')

    Call log:
      - Expect "toBeVisible" with timeout 10000ms
      - waiting for getByText(/registration successful/i)


      35 |     
      36 |     // Should show success message (stays on same page)
    > 37 |     await expect(page.getByText(/registration successful/i)).toBeVisible({ timeout: 10000 });
         |                                                              ^
      38 |     await expect(page.getByText(/check your email/i)).toBeVisible();
      39 |   });
      40 |
        at /Users/umasankrudhya/Projects/pinglearn/pinglearn-app/e2e/auth.spec.ts:37:62

    attachment #1: screenshot (image/png) ──────────────────────────────────────────────────────────
    ../test-results/auth-Authentication-Flow-should-register-a-new-user-chromium-desktop-retry1/test-failed-1.png
    ────────────────────────────────────────────────────────────────────────────────────────────────

    Error Context: ../test-results/auth-Authentication-Flow-should-register-a-new-user-chromium-desktop-retry1/error-context.md

    attachment #3: trace (application/zip) ─────────────────────────────────────────────────────────
    ../test-results/auth-Authentication-Flow-should-register-a-new-user-chromium-desktop-retry1/trace.zip
    Usage:

        npx playwright show-trace ../test-results/auth-Authentication-Flow-should-register-a-new-user-chromium-desktop-retry1/trace.zip

    ────────────────────────────────────────────────────────────────────────────────────────────────
]]>
</failure>
<system-out>
<![CDATA[
[[ATTACHMENT|../../test-results/auth-Authentication-Flow-should-register-a-new-user-chromium-desktop/test-failed-1.png]]

[[ATTACHMENT|../../test-results/auth-Authentication-Flow-should-register-a-new-user-chromium-desktop/error-context.md]]

[[ATTACHMENT|../../test-results/auth-Authentication-Flow-should-register-a-new-user-chromium-desktop/trace.zip]]

[[ATTACHMENT|../../test-results/auth-Authentication-Flow-should-register-a-new-user-chromium-desktop-retry1/test-failed-1.png]]

[[ATTACHMENT|../../test-results/auth-Authentication-Flow-should-register-a-new-user-chromium-desktop-retry1/error-context.md]]

[[ATTACHMENT|../../test-results/auth-Authentication-Flow-should-register-a-new-user-chromium-desktop-retry1/trace.zip]]
]]>
</system-out>
</testcase>
<testcase name="Authentication Flow › should login with valid credentials" classname="auth.spec.ts" time="22.222">
<failure message="auth.spec.ts:41:7 should login with valid credentials" type="FAILURE">
<![CDATA[  [chromium-desktop] › auth.spec.ts:41:7 › Authentication Flow › should login with valid credentials 

    TimeoutError: page.waitForURL: Timeout 10000ms exceeded.
    =========================== logs ===========================
    waiting for navigation to "/dashboard" until "load"
    ============================================================

      50 |     
      51 |     // Should redirect to dashboard
    > 52 |     await page.waitForURL('/dashboard', { timeout: 10000 });
         |                ^
      53 |     await expect(page).toHaveURL('/dashboard');
      54 |   });
      55 |
        at /Users/umasankrudhya/Projects/pinglearn/pinglearn-app/e2e/auth.spec.ts:52:16

    attachment #1: screenshot (image/png) ──────────────────────────────────────────────────────────
    ../test-results/auth-Authentication-Flow-should-login-with-valid-credentials-chromium-desktop/test-failed-1.png
    ────────────────────────────────────────────────────────────────────────────────────────────────

    Error Context: ../test-results/auth-Authentication-Flow-should-login-with-valid-credentials-chromium-desktop/error-context.md

    attachment #3: trace (application/zip) ─────────────────────────────────────────────────────────
    ../test-results/auth-Authentication-Flow-should-login-with-valid-credentials-chromium-desktop/trace.zip
    Usage:

        npx playwright show-trace ../test-results/auth-Authentication-Flow-should-login-with-valid-credentials-chromium-desktop/trace.zip

    ────────────────────────────────────────────────────────────────────────────────────────────────

    Retry #1 ───────────────────────────────────────────────────────────────────────────────────────

    TimeoutError: page.waitForURL: Timeout 10000ms exceeded.
    =========================== logs ===========================
    waiting for navigation to "/dashboard" until "load"
    ============================================================

      50 |     
      51 |     // Should redirect to dashboard
    > 52 |     await page.waitForURL('/dashboard', { timeout: 10000 });
         |                ^
      53 |     await expect(page).toHaveURL('/dashboard');
      54 |   });
      55 |
        at /Users/umasankrudhya/Projects/pinglearn/pinglearn-app/e2e/auth.spec.ts:52:16

    attachment #1: screenshot (image/png) ──────────────────────────────────────────────────────────
    ../test-results/auth-Authentication-Flow-should-login-with-valid-credentials-chromium-desktop-retry1/test-failed-1.png
    ────────────────────────────────────────────────────────────────────────────────────────────────

    Error Context: ../test-results/auth-Authentication-Flow-should-login-with-valid-credentials-chromium-desktop-retry1/error-context.md

    attachment #3: trace (application/zip) ─────────────────────────────────────────────────────────
    ../test-results/auth-Authentication-Flow-should-login-with-valid-credentials-chromium-desktop-retry1/trace.zip
    Usage:

        npx playwright show-trace ../test-results/auth-Authentication-Flow-should-login-with-valid-credentials-chromium-desktop-retry1/trace.zip

    ────────────────────────────────────────────────────────────────────────────────────────────────
]]>
</failure>
<system-out>
<![CDATA[
[[ATTACHMENT|../../test-results/auth-Authentication-Flow-should-login-with-valid-credentials-chromium-desktop/test-failed-1.png]]

[[ATTACHMENT|../../test-results/auth-Authentication-Flow-should-login-with-valid-credentials-chromium-desktop/error-context.md]]

[[ATTACHMENT|../../test-results/auth-Authentication-Flow-should-login-with-valid-credentials-chromium-desktop/trace.zip]]

[[ATTACHMENT|../../test-results/auth-Authentication-Flow-should-login-with-valid-credentials-chromium-desktop-retry1/test-failed-1.png]]

[[ATTACHMENT|../../test-results/auth-Authentication-Flow-should-login-with-valid-credentials-chromium-desktop-retry1/error-context.md]]

[[ATTACHMENT|../../test-results/auth-Authentication-Flow-should-login-with-valid-credentials-chromium-desktop-retry1/trace.zip]]
]]>
</system-out>
</testcase>
<testcase name="Authentication Flow › should show error for invalid credentials" classname="auth.spec.ts" time="13.404">
<system-out>
<![CDATA[
[[ATTACHMENT|../../test-results/auth-Authentication-Flow-s-c1b41-ror-for-invalid-credentials-chromium-desktop/test-failed-1.png]]

[[ATTACHMENT|../../test-results/auth-Authentication-Flow-s-c1b41-ror-for-invalid-credentials-chromium-desktop/error-context.md]]

[[ATTACHMENT|../../test-results/auth-Authentication-Flow-s-c1b41-ror-for-invalid-credentials-chromium-desktop/trace.zip]]
]]>
</system-out>
</testcase>
<testcase name="Authentication Flow › should validate email format" classname="auth.spec.ts" time="24.786">
<failure message="auth.spec.ts:68:7 should validate email format" type="FAILURE">
<![CDATA[  [chromium-desktop] › auth.spec.ts:68:7 › Authentication Flow › should validate email format ──────

    Error: expect(locator).toBeVisible() failed

    Locator:  getByText(/invalid.*email|valid.*email/i)
    Expected: visible
    Received: <element(s) not found>
    Timeout:  10000ms

    Call log:
      - Expect "toBeVisible" with timeout 10000ms
      - waiting for getByText(/invalid.*email|valid.*email/i)


      77 |     
      78 |     // Should show validation error
    > 79 |     await expect(page.getByText(/invalid.*email|valid.*email/i)).toBeVisible();
         |                                                                  ^
      80 |   });
      81 |
      82 |   test('should validate password requirements', async ({ page }) => {
        at /Users/umasankrudhya/Projects/pinglearn/pinglearn-app/e2e/auth.spec.ts:79:66

    attachment #1: screenshot (image/png) ──────────────────────────────────────────────────────────
    ../test-results/auth-Authentication-Flow-should-validate-email-format-chromium-desktop/test-failed-1.png
    ────────────────────────────────────────────────────────────────────────────────────────────────

    Error Context: ../test-results/auth-Authentication-Flow-should-validate-email-format-chromium-desktop/error-context.md

    attachment #3: trace (application/zip) ─────────────────────────────────────────────────────────
    ../test-results/auth-Authentication-Flow-should-validate-email-format-chromium-desktop/trace.zip
    Usage:

        npx playwright show-trace ../test-results/auth-Authentication-Flow-should-validate-email-format-chromium-desktop/trace.zip

    ────────────────────────────────────────────────────────────────────────────────────────────────

    Retry #1 ───────────────────────────────────────────────────────────────────────────────────────

    Error: expect(locator).toBeVisible() failed

    Locator:  getByText(/invalid.*email|valid.*email/i)
    Expected: visible
    Received: <element(s) not found>
    Timeout:  10000ms

    Call log:
      - Expect "toBeVisible" with timeout 10000ms
      - waiting for getByText(/invalid.*email|valid.*email/i)


      77 |     
      78 |     // Should show validation error
    > 79 |     await expect(page.getByText(/invalid.*email|valid.*email/i)).toBeVisible();
         |                                                                  ^
      80 |   });
      81 |
      82 |   test('should validate password requirements', async ({ page }) => {
        at /Users/umasankrudhya/Projects/pinglearn/pinglearn-app/e2e/auth.spec.ts:79:66

    attachment #1: screenshot (image/png) ──────────────────────────────────────────────────────────
    ../test-results/auth-Authentication-Flow-should-validate-email-format-chromium-desktop-retry1/test-failed-1.png
    ────────────────────────────────────────────────────────────────────────────────────────────────

    Error Context: ../test-results/auth-Authentication-Flow-should-validate-email-format-chromium-desktop-retry1/error-context.md

    attachment #3: trace (application/zip) ─────────────────────────────────────────────────────────
    ../test-results/auth-Authentication-Flow-should-validate-email-format-chromium-desktop-retry1/trace.zip
    Usage:

        npx playwright show-trace ../test-results/auth-Authentication-Flow-should-validate-email-format-chromium-desktop-retry1/trace.zip

    ────────────────────────────────────────────────────────────────────────────────────────────────
]]>
</failure>
<system-out>
<![CDATA[
[[ATTACHMENT|../../test-results/auth-Authentication-Flow-should-validate-email-format-chromium-desktop/test-failed-1.png]]

[[ATTACHMENT|../../test-results/auth-Authentication-Flow-should-validate-email-format-chromium-desktop/error-context.md]]

[[ATTACHMENT|../../test-results/auth-Authentication-Flow-should-validate-email-format-chromium-desktop/trace.zip]]

[[ATTACHMENT|../../test-results/auth-Authentication-Flow-should-validate-email-format-chromium-desktop-retry1/test-failed-1.png]]

[[ATTACHMENT|../../test-results/auth-Authentication-Flow-should-validate-email-format-chromium-desktop-retry1/error-context.md]]

[[ATTACHMENT|../../test-results/auth-Authentication-Flow-should-validate-email-format-chromium-desktop-retry1/trace.zip]]
]]>
</system-out>
</testcase>
<testcase name="Authentication Flow › should validate password requirements" classname="auth.spec.ts" time="9.049">
<failure message="auth.spec.ts:82:7 should validate password requirements" type="FAILURE">
<![CDATA[  [chromium-desktop] › auth.spec.ts:82:7 › Authentication Flow › should validate password requirements 

    Error: expect.toBeVisible: Error: strict mode violation: getByText(/at least 8 characters|must be at least/i) resolved to 2 elements:
        1) <p class="text-sm text-destructive">Password must be at least 8 characters</p> aka getByText('Password must be at least 8')
        2) <p class="text-xs text-muted-foreground">Must be at least 8 characters long</p> aka getByText('Must be at least 8 characters long')

    Call log:
      - Expect "toBeVisible" with timeout 10000ms
      - waiting for getByText(/at least 8 characters|must be at least/i)


      91 |     
      92 |     // Should show password requirements
    > 93 |     await expect(page.getByText(/at least 8 characters|must be at least/i)).toBeVisible();
         |                                                                             ^
      94 |   });
      95 | });
        at /Users/umasankrudhya/Projects/pinglearn/pinglearn-app/e2e/auth.spec.ts:93:77

    attachment #1: screenshot (image/png) ──────────────────────────────────────────────────────────
    ../test-results/auth-Authentication-Flow-s-17b38-idate-password-requirements-chromium-desktop/test-failed-1.png
    ────────────────────────────────────────────────────────────────────────────────────────────────

    Error Context: ../test-results/auth-Authentication-Flow-s-17b38-idate-password-requirements-chromium-desktop/error-context.md

    attachment #3: trace (application/zip) ─────────────────────────────────────────────────────────
    ../test-results/auth-Authentication-Flow-s-17b38-idate-password-requirements-chromium-desktop/trace.zip
    Usage:

        npx playwright show-trace ../test-results/auth-Authentication-Flow-s-17b38-idate-password-requirements-chromium-desktop/trace.zip

    ────────────────────────────────────────────────────────────────────────────────────────────────

    Retry #1 ───────────────────────────────────────────────────────────────────────────────────────

    Error: expect.toBeVisible: Error: strict mode violation: getByText(/at least 8 characters|must be at least/i) resolved to 2 elements:
        1) <p class="text-sm text-destructive">Password must be at least 8 characters</p> aka getByText('Password must be at least 8')
        2) <p class="text-xs text-muted-foreground">Must be at least 8 characters long</p> aka getByText('Must be at least 8 characters long')

    Call log:
      - Expect "toBeVisible" with timeout 10000ms
      - waiting for getByText(/at least 8 characters|must be at least/i)


      91 |     
      92 |     // Should show password requirements
    > 93 |     await expect(page.getByText(/at least 8 characters|must be at least/i)).toBeVisible();
         |                                                                             ^
      94 |   });
      95 | });
        at /Users/umasankrudhya/Projects/pinglearn/pinglearn-app/e2e/auth.spec.ts:93:77

    attachment #1: screenshot (image/png) ──────────────────────────────────────────────────────────
    ../test-results/auth-Authentication-Flow-s-17b38-idate-password-requirements-chromium-desktop-retry1/test-failed-1.png
    ────────────────────────────────────────────────────────────────────────────────────────────────

    Error Context: ../test-results/auth-Authentication-Flow-s-17b38-idate-password-requirements-chromium-desktop-retry1/error-context.md

    attachment #3: trace (application/zip) ─────────────────────────────────────────────────────────
    ../test-results/auth-Authentication-Flow-s-17b38-idate-password-requirements-chromium-desktop-retry1/trace.zip
    Usage:

        npx playwright show-trace ../test-results/auth-Authentication-Flow-s-17b38-idate-password-requirements-chromium-desktop-retry1/trace.zip

    ────────────────────────────────────────────────────────────────────────────────────────────────
]]>
</failure>
<system-out>
<![CDATA[
[[ATTACHMENT|../../test-results/auth-Authentication-Flow-s-17b38-idate-password-requirements-chromium-desktop/test-failed-1.png]]

[[ATTACHMENT|../../test-results/auth-Authentication-Flow-s-17b38-idate-password-requirements-chromium-desktop/error-context.md]]

[[ATTACHMENT|../../test-results/auth-Authentication-Flow-s-17b38-idate-password-requirements-chromium-desktop/trace.zip]]

[[ATTACHMENT|../../test-results/auth-Authentication-Flow-s-17b38-idate-password-requirements-chromium-desktop-retry1/test-failed-1.png]]

[[ATTACHMENT|../../test-results/auth-Authentication-Flow-s-17b38-idate-password-requirements-chromium-desktop-retry1/error-context.md]]

[[ATTACHMENT|../../test-results/auth-Authentication-Flow-s-17b38-idate-password-requirements-chromium-desktop-retry1/trace.zip]]
]]>
</system-out>
</testcase>
</testsuite>
<testsuite name="classroom.spec.ts" timestamp="2025-10-01T10:20:41.011Z" hostname="chromium-desktop" tests="11" failures="11" skipped="0" time="263.676" errors="0">
<testcase name="Audio AI Classroom › should navigate to classroom from dashboard" classname="classroom.spec.ts" time="25.747">
<failure message="classroom.spec.ts:27:7 should navigate to classroom from dashboard" type="FAILURE">
<![CDATA[  [chromium-desktop] › classroom.spec.ts:27:7 › Audio AI Classroom › should navigate to classroom from dashboard 

    TimeoutError: page.fill: Timeout 10000ms exceeded.
    Call log:
      - waiting for locator('input[name="email"]')


      17 |     // Login first
      18 |     await page.goto('/login');
    > 19 |     await page.fill('input[name="email"]', TEST_EMAIL);
         |                ^
      20 |     await page.fill('input[name="password"]', TEST_PASSWORD);
      21 |     await page.click('button[type="submit"]');
      22 |     
        at /Users/umasankrudhya/Projects/pinglearn/pinglearn-app/e2e/classroom.spec.ts:19:16

    attachment #1: screenshot (image/png) ──────────────────────────────────────────────────────────
    ../test-results/classroom-Audio-AI-Classro-67faf-to-classroom-from-dashboard-chromium-desktop/test-failed-1.png
    ────────────────────────────────────────────────────────────────────────────────────────────────

    Error Context: ../test-results/classroom-Audio-AI-Classro-67faf-to-classroom-from-dashboard-chromium-desktop/error-context.md

    attachment #3: trace (application/zip) ─────────────────────────────────────────────────────────
    ../test-results/classroom-Audio-AI-Classro-67faf-to-classroom-from-dashboard-chromium-desktop/trace.zip
    Usage:

        npx playwright show-trace ../test-results/classroom-Audio-AI-Classro-67faf-to-classroom-from-dashboard-chromium-desktop/trace.zip

    ────────────────────────────────────────────────────────────────────────────────────────────────

    Retry #1 ───────────────────────────────────────────────────────────────────────────────────────

    TimeoutError: page.fill: Timeout 10000ms exceeded.
    Call log:
      - waiting for locator('input[name="email"]')


      17 |     // Login first
      18 |     await page.goto('/login');
    > 19 |     await page.fill('input[name="email"]', TEST_EMAIL);
         |                ^
      20 |     await page.fill('input[name="password"]', TEST_PASSWORD);
      21 |     await page.click('button[type="submit"]');
      22 |     
        at /Users/umasankrudhya/Projects/pinglearn/pinglearn-app/e2e/classroom.spec.ts:19:16

    attachment #1: screenshot (image/png) ──────────────────────────────────────────────────────────
    ../test-results/classroom-Audio-AI-Classro-67faf-to-classroom-from-dashboard-chromium-desktop-retry1/test-failed-1.png
    ────────────────────────────────────────────────────────────────────────────────────────────────

    Error Context: ../test-results/classroom-Audio-AI-Classro-67faf-to-classroom-from-dashboard-chromium-desktop-retry1/error-context.md

    attachment #3: trace (application/zip) ─────────────────────────────────────────────────────────
    ../test-results/classroom-Audio-AI-Classro-67faf-to-classroom-from-dashboard-chromium-desktop-retry1/trace.zip
    Usage:

        npx playwright show-trace ../test-results/classroom-Audio-AI-Classro-67faf-to-classroom-from-dashboard-chromium-desktop-retry1/trace.zip

    ────────────────────────────────────────────────────────────────────────────────────────────────
]]>
</failure>
<system-out>
<![CDATA[
[[ATTACHMENT|../../test-results/classroom-Audio-AI-Classro-67faf-to-classroom-from-dashboard-chromium-desktop/test-failed-1.png]]

[[ATTACHMENT|../../test-results/classroom-Audio-AI-Classro-67faf-to-classroom-from-dashboard-chromium-desktop/error-context.md]]

[[ATTACHMENT|../../test-results/classroom-Audio-AI-Classro-67faf-to-classroom-from-dashboard-chromium-desktop/trace.zip]]

[[ATTACHMENT|../../test-results/classroom-Audio-AI-Classro-67faf-to-classroom-from-dashboard-chromium-desktop-retry1/test-failed-1.png]]

[[ATTACHMENT|../../test-results/classroom-Audio-AI-Classro-67faf-to-classroom-from-dashboard-chromium-desktop-retry1/error-context.md]]

[[ATTACHMENT|../../test-results/classroom-Audio-AI-Classro-67faf-to-classroom-from-dashboard-chromium-desktop-retry1/trace.zip]]
]]>
</system-out>
</testcase>
<testcase name="Audio AI Classroom › should request microphone permissions" classname="classroom.spec.ts" time="22.455">
<failure message="classroom.spec.ts:39:7 should request microphone permissions" type="FAILURE">
<![CDATA[  [chromium-desktop] › classroom.spec.ts:39:7 › Audio AI Classroom › should request microphone permissions 

    TimeoutError: page.fill: Timeout 10000ms exceeded.
    Call log:
      - waiting for locator('input[name="email"]')


      17 |     // Login first
      18 |     await page.goto('/login');
    > 19 |     await page.fill('input[name="email"]', TEST_EMAIL);
         |                ^
      20 |     await page.fill('input[name="password"]', TEST_PASSWORD);
      21 |     await page.click('button[type="submit"]');
      22 |     
        at /Users/umasankrudhya/Projects/pinglearn/pinglearn-app/e2e/classroom.spec.ts:19:16

    attachment #1: screenshot (image/png) ──────────────────────────────────────────────────────────
    ../test-results/classroom-Audio-AI-Classro-7c680-uest-microphone-permissions-chromium-desktop/test-failed-1.png
    ────────────────────────────────────────────────────────────────────────────────────────────────

    Error Context: ../test-results/classroom-Audio-AI-Classro-7c680-uest-microphone-permissions-chromium-desktop/error-context.md

    attachment #3: trace (application/zip) ─────────────────────────────────────────────────────────
    ../test-results/classroom-Audio-AI-Classro-7c680-uest-microphone-permissions-chromium-desktop/trace.zip
    Usage:

        npx playwright show-trace ../test-results/classroom-Audio-AI-Classro-7c680-uest-microphone-permissions-chromium-desktop/trace.zip

    ────────────────────────────────────────────────────────────────────────────────────────────────

    Retry #1 ───────────────────────────────────────────────────────────────────────────────────────

    TimeoutError: page.fill: Timeout 10000ms exceeded.
    Call log:
      - waiting for locator('input[name="email"]')


      17 |     // Login first
      18 |     await page.goto('/login');
    > 19 |     await page.fill('input[name="email"]', TEST_EMAIL);
         |                ^
      20 |     await page.fill('input[name="password"]', TEST_PASSWORD);
      21 |     await page.click('button[type="submit"]');
      22 |     
        at /Users/umasankrudhya/Projects/pinglearn/pinglearn-app/e2e/classroom.spec.ts:19:16

    attachment #1: screenshot (image/png) ──────────────────────────────────────────────────────────
    ../test-results/classroom-Audio-AI-Classro-7c680-uest-microphone-permissions-chromium-desktop-retry1/test-failed-1.png
    ────────────────────────────────────────────────────────────────────────────────────────────────

    Error Context: ../test-results/classroom-Audio-AI-Classro-7c680-uest-microphone-permissions-chromium-desktop-retry1/error-context.md

    attachment #3: trace (application/zip) ─────────────────────────────────────────────────────────
    ../test-results/classroom-Audio-AI-Classro-7c680-uest-microphone-permissions-chromium-desktop-retry1/trace.zip
    Usage:

        npx playwright show-trace ../test-results/classroom-Audio-AI-Classro-7c680-uest-microphone-permissions-chromium-desktop-retry1/trace.zip

    ────────────────────────────────────────────────────────────────────────────────────────────────
]]>
</failure>
<system-out>
<![CDATA[
[[ATTACHMENT|../../test-results/classroom-Audio-AI-Classro-7c680-uest-microphone-permissions-chromium-desktop/test-failed-1.png]]

[[ATTACHMENT|../../test-results/classroom-Audio-AI-Classro-7c680-uest-microphone-permissions-chromium-desktop/error-context.md]]

[[ATTACHMENT|../../test-results/classroom-Audio-AI-Classro-7c680-uest-microphone-permissions-chromium-desktop/trace.zip]]

[[ATTACHMENT|../../test-results/classroom-Audio-AI-Classro-7c680-uest-microphone-permissions-chromium-desktop-retry1/test-failed-1.png]]

[[ATTACHMENT|../../test-results/classroom-Audio-AI-Classro-7c680-uest-microphone-permissions-chromium-desktop-retry1/error-context.md]]

[[ATTACHMENT|../../test-results/classroom-Audio-AI-Classro-7c680-uest-microphone-permissions-chromium-desktop-retry1/trace.zip]]
]]>
</system-out>
</testcase>
<testcase name="Audio AI Classroom › should display session controls when connected" classname="classroom.spec.ts" time="23.627">
<failure message="classroom.spec.ts:52:7 should display session controls when connected" type="FAILURE">
<![CDATA[  [chromium-desktop] › classroom.spec.ts:52:7 › Audio AI Classroom › should display session controls when connected 

    TimeoutError: page.fill: Timeout 10000ms exceeded.
    Call log:
      - waiting for locator('input[name="email"]')


      17 |     // Login first
      18 |     await page.goto('/login');
    > 19 |     await page.fill('input[name="email"]', TEST_EMAIL);
         |                ^
      20 |     await page.fill('input[name="password"]', TEST_PASSWORD);
      21 |     await page.click('button[type="submit"]');
      22 |     
        at /Users/umasankrudhya/Projects/pinglearn/pinglearn-app/e2e/classroom.spec.ts:19:16

    attachment #1: screenshot (image/png) ──────────────────────────────────────────────────────────
    ../test-results/classroom-Audio-AI-Classro-67530-ion-controls-when-connected-chromium-desktop/test-failed-1.png
    ────────────────────────────────────────────────────────────────────────────────────────────────

    Error Context: ../test-results/classroom-Audio-AI-Classro-67530-ion-controls-when-connected-chromium-desktop/error-context.md

    attachment #3: trace (application/zip) ─────────────────────────────────────────────────────────
    ../test-results/classroom-Audio-AI-Classro-67530-ion-controls-when-connected-chromium-desktop/trace.zip
    Usage:

        npx playwright show-trace ../test-results/classroom-Audio-AI-Classro-67530-ion-controls-when-connected-chromium-desktop/trace.zip

    ────────────────────────────────────────────────────────────────────────────────────────────────

    Retry #1 ───────────────────────────────────────────────────────────────────────────────────────

    TimeoutError: page.fill: Timeout 10000ms exceeded.
    Call log:
      - waiting for locator('input[name="email"]')


      17 |     // Login first
      18 |     await page.goto('/login');
    > 19 |     await page.fill('input[name="email"]', TEST_EMAIL);
         |                ^
      20 |     await page.fill('input[name="password"]', TEST_PASSWORD);
      21 |     await page.click('button[type="submit"]');
      22 |     
        at /Users/umasankrudhya/Projects/pinglearn/pinglearn-app/e2e/classroom.spec.ts:19:16

    attachment #1: screenshot (image/png) ──────────────────────────────────────────────────────────
    ../test-results/classroom-Audio-AI-Classro-67530-ion-controls-when-connected-chromium-desktop-retry1/test-failed-1.png
    ────────────────────────────────────────────────────────────────────────────────────────────────

    Error Context: ../test-results/classroom-Audio-AI-Classro-67530-ion-controls-when-connected-chromium-desktop-retry1/error-context.md

    attachment #3: trace (application/zip) ─────────────────────────────────────────────────────────
    ../test-results/classroom-Audio-AI-Classro-67530-ion-controls-when-connected-chromium-desktop-retry1/trace.zip
    Usage:

        npx playwright show-trace ../test-results/classroom-Audio-AI-Classro-67530-ion-controls-when-connected-chromium-desktop-retry1/trace.zip

    ────────────────────────────────────────────────────────────────────────────────────────────────
]]>
</failure>
<system-out>
<![CDATA[
[[ATTACHMENT|../../test-results/classroom-Audio-AI-Classro-67530-ion-controls-when-connected-chromium-desktop/test-failed-1.png]]

[[ATTACHMENT|../../test-results/classroom-Audio-AI-Classro-67530-ion-controls-when-connected-chromium-desktop/error-context.md]]

[[ATTACHMENT|../../test-results/classroom-Audio-AI-Classro-67530-ion-controls-when-connected-chromium-desktop/trace.zip]]

[[ATTACHMENT|../../test-results/classroom-Audio-AI-Classro-67530-ion-controls-when-connected-chromium-desktop-retry1/test-failed-1.png]]

[[ATTACHMENT|../../test-results/classroom-Audio-AI-Classro-67530-ion-controls-when-connected-chromium-desktop-retry1/error-context.md]]

[[ATTACHMENT|../../test-results/classroom-Audio-AI-Classro-67530-ion-controls-when-connected-chromium-desktop-retry1/trace.zip]]
]]>
</system-out>
</testcase>
<testcase name="Audio AI Classroom › should toggle mute state" classname="classroom.spec.ts" time="23.843">
<failure message="classroom.spec.ts:90:7 should toggle mute state" type="FAILURE">
<![CDATA[  [chromium-desktop] › classroom.spec.ts:90:7 › Audio AI Classroom › should toggle mute state ──────

    TimeoutError: page.fill: Timeout 10000ms exceeded.
    Call log:
      - waiting for locator('input[name="email"]')


      17 |     // Login first
      18 |     await page.goto('/login');
    > 19 |     await page.fill('input[name="email"]', TEST_EMAIL);
         |                ^
      20 |     await page.fill('input[name="password"]', TEST_PASSWORD);
      21 |     await page.click('button[type="submit"]');
      22 |     
        at /Users/umasankrudhya/Projects/pinglearn/pinglearn-app/e2e/classroom.spec.ts:19:16

    attachment #1: screenshot (image/png) ──────────────────────────────────────────────────────────
    ../test-results/classroom-Audio-AI-Classroom-should-toggle-mute-state-chromium-desktop/test-failed-1.png
    ────────────────────────────────────────────────────────────────────────────────────────────────

    Error Context: ../test-results/classroom-Audio-AI-Classroom-should-toggle-mute-state-chromium-desktop/error-context.md

    attachment #3: trace (application/zip) ─────────────────────────────────────────────────────────
    ../test-results/classroom-Audio-AI-Classroom-should-toggle-mute-state-chromium-desktop/trace.zip
    Usage:

        npx playwright show-trace ../test-results/classroom-Audio-AI-Classroom-should-toggle-mute-state-chromium-desktop/trace.zip

    ────────────────────────────────────────────────────────────────────────────────────────────────

    Retry #1 ───────────────────────────────────────────────────────────────────────────────────────

    TimeoutError: page.fill: Timeout 10000ms exceeded.
    Call log:
      - waiting for locator('input[name="email"]')


      17 |     // Login first
      18 |     await page.goto('/login');
    > 19 |     await page.fill('input[name="email"]', TEST_EMAIL);
         |                ^
      20 |     await page.fill('input[name="password"]', TEST_PASSWORD);
      21 |     await page.click('button[type="submit"]');
      22 |     
        at /Users/umasankrudhya/Projects/pinglearn/pinglearn-app/e2e/classroom.spec.ts:19:16

    attachment #1: screenshot (image/png) ──────────────────────────────────────────────────────────
    ../test-results/classroom-Audio-AI-Classroom-should-toggle-mute-state-chromium-desktop-retry1/test-failed-1.png
    ────────────────────────────────────────────────────────────────────────────────────────────────

    Error Context: ../test-results/classroom-Audio-AI-Classroom-should-toggle-mute-state-chromium-desktop-retry1/error-context.md

    attachment #3: trace (application/zip) ─────────────────────────────────────────────────────────
    ../test-results/classroom-Audio-AI-Classroom-should-toggle-mute-state-chromium-desktop-retry1/trace.zip
    Usage:

        npx playwright show-trace ../test-results/classroom-Audio-AI-Classroom-should-toggle-mute-state-chromium-desktop-retry1/trace.zip

    ────────────────────────────────────────────────────────────────────────────────────────────────
]]>
</failure>
<system-out>
<![CDATA[
[[ATTACHMENT|../../test-results/classroom-Audio-AI-Classroom-should-toggle-mute-state-chromium-desktop/test-failed-1.png]]

[[ATTACHMENT|../../test-results/classroom-Audio-AI-Classroom-should-toggle-mute-state-chromium-desktop/error-context.md]]

[[ATTACHMENT|../../test-results/classroom-Audio-AI-Classroom-should-toggle-mute-state-chromium-desktop/trace.zip]]

[[ATTACHMENT|../../test-results/classroom-Audio-AI-Classroom-should-toggle-mute-state-chromium-desktop-retry1/test-failed-1.png]]

[[ATTACHMENT|../../test-results/classroom-Audio-AI-Classroom-should-toggle-mute-state-chromium-desktop-retry1/error-context.md]]

[[ATTACHMENT|../../test-results/classroom-Audio-AI-Classroom-should-toggle-mute-state-chromium-desktop-retry1/trace.zip]]
]]>
</system-out>
</testcase>
<testcase name="Audio AI Classroom › should end session and redirect" classname="classroom.spec.ts" time="22.025">
<failure message="classroom.spec.ts:124:7 should end session and redirect" type="FAILURE">
<![CDATA[  [chromium-desktop] › classroom.spec.ts:124:7 › Audio AI Classroom › should end session and redirect 

    TimeoutError: page.fill: Timeout 10000ms exceeded.
    Call log:
      - waiting for locator('input[name="email"]')


      17 |     // Login first
      18 |     await page.goto('/login');
    > 19 |     await page.fill('input[name="email"]', TEST_EMAIL);
         |                ^
      20 |     await page.fill('input[name="password"]', TEST_PASSWORD);
      21 |     await page.click('button[type="submit"]');
      22 |     
        at /Users/umasankrudhya/Projects/pinglearn/pinglearn-app/e2e/classroom.spec.ts:19:16

    attachment #1: screenshot (image/png) ──────────────────────────────────────────────────────────
    ../test-results/classroom-Audio-AI-Classroom-should-end-session-and-redirect-chromium-desktop/test-failed-1.png
    ────────────────────────────────────────────────────────────────────────────────────────────────

    Error Context: ../test-results/classroom-Audio-AI-Classroom-should-end-session-and-redirect-chromium-desktop/error-context.md

    attachment #3: trace (application/zip) ─────────────────────────────────────────────────────────
    ../test-results/classroom-Audio-AI-Classroom-should-end-session-and-redirect-chromium-desktop/trace.zip
    Usage:

        npx playwright show-trace ../test-results/classroom-Audio-AI-Classroom-should-end-session-and-redirect-chromium-desktop/trace.zip

    ────────────────────────────────────────────────────────────────────────────────────────────────

    Retry #1 ───────────────────────────────────────────────────────────────────────────────────────

    TimeoutError: page.fill: Timeout 10000ms exceeded.
    Call log:
      - waiting for locator('input[name="email"]')


      17 |     // Login first
      18 |     await page.goto('/login');
    > 19 |     await page.fill('input[name="email"]', TEST_EMAIL);
         |                ^
      20 |     await page.fill('input[name="password"]', TEST_PASSWORD);
      21 |     await page.click('button[type="submit"]');
      22 |     
        at /Users/umasankrudhya/Projects/pinglearn/pinglearn-app/e2e/classroom.spec.ts:19:16

    attachment #1: screenshot (image/png) ──────────────────────────────────────────────────────────
    ../test-results/classroom-Audio-AI-Classroom-should-end-session-and-redirect-chromium-desktop-retry1/test-failed-1.png
    ────────────────────────────────────────────────────────────────────────────────────────────────

    Error Context: ../test-results/classroom-Audio-AI-Classroom-should-end-session-and-redirect-chromium-desktop-retry1/error-context.md

    attachment #3: trace (application/zip) ─────────────────────────────────────────────────────────
    ../test-results/classroom-Audio-AI-Classroom-should-end-session-and-redirect-chromium-desktop-retry1/trace.zip
    Usage:

        npx playwright show-trace ../test-results/classroom-Audio-AI-Classroom-should-end-session-and-redirect-chromium-desktop-retry1/trace.zip

    ────────────────────────────────────────────────────────────────────────────────────────────────
]]>
</failure>
<system-out>
<![CDATA[
[[ATTACHMENT|../../test-results/classroom-Audio-AI-Classroom-should-end-session-and-redirect-chromium-desktop/test-failed-1.png]]

[[ATTACHMENT|../../test-results/classroom-Audio-AI-Classroom-should-end-session-and-redirect-chromium-desktop/error-context.md]]

[[ATTACHMENT|../../test-results/classroom-Audio-AI-Classroom-should-end-session-and-redirect-chromium-desktop/trace.zip]]

[[ATTACHMENT|../../test-results/classroom-Audio-AI-Classroom-should-end-session-and-redirect-chromium-desktop-retry1/test-failed-1.png]]

[[ATTACHMENT|../../test-results/classroom-Audio-AI-Classroom-should-end-session-and-redirect-chromium-desktop-retry1/error-context.md]]

[[ATTACHMENT|../../test-results/classroom-Audio-AI-Classroom-should-end-session-and-redirect-chromium-desktop-retry1/trace.zip]]
]]>
</system-out>
</testcase>
<testcase name="Audio AI Classroom › should display session quality indicators" classname="classroom.spec.ts" time="24.286">
<failure message="classroom.spec.ts:164:7 should display session quality indicators" type="FAILURE">
<![CDATA[  [chromium-desktop] › classroom.spec.ts:164:7 › Audio AI Classroom › should display session quality indicators 

    TimeoutError: page.fill: Timeout 10000ms exceeded.
    Call log:
      - waiting for locator('input[name="email"]')


      17 |     // Login first
      18 |     await page.goto('/login');
    > 19 |     await page.fill('input[name="email"]', TEST_EMAIL);
         |                ^
      20 |     await page.fill('input[name="password"]', TEST_PASSWORD);
      21 |     await page.click('button[type="submit"]');
      22 |     
        at /Users/umasankrudhya/Projects/pinglearn/pinglearn-app/e2e/classroom.spec.ts:19:16

    attachment #1: screenshot (image/png) ──────────────────────────────────────────────────────────
    ../test-results/classroom-Audio-AI-Classro-4e786--session-quality-indicators-chromium-desktop/test-failed-1.png
    ────────────────────────────────────────────────────────────────────────────────────────────────

    Error Context: ../test-results/classroom-Audio-AI-Classro-4e786--session-quality-indicators-chromium-desktop/error-context.md

    attachment #3: trace (application/zip) ─────────────────────────────────────────────────────────
    ../test-results/classroom-Audio-AI-Classro-4e786--session-quality-indicators-chromium-desktop/trace.zip
    Usage:

        npx playwright show-trace ../test-results/classroom-Audio-AI-Classro-4e786--session-quality-indicators-chromium-desktop/trace.zip

    ────────────────────────────────────────────────────────────────────────────────────────────────

    Retry #1 ───────────────────────────────────────────────────────────────────────────────────────

    TimeoutError: page.fill: Timeout 10000ms exceeded.
    Call log:
      - waiting for locator('input[name="email"]')


      17 |     // Login first
      18 |     await page.goto('/login');
    > 19 |     await page.fill('input[name="email"]', TEST_EMAIL);
         |                ^
      20 |     await page.fill('input[name="password"]', TEST_PASSWORD);
      21 |     await page.click('button[type="submit"]');
      22 |     
        at /Users/umasankrudhya/Projects/pinglearn/pinglearn-app/e2e/classroom.spec.ts:19:16

    attachment #1: screenshot (image/png) ──────────────────────────────────────────────────────────
    ../test-results/classroom-Audio-AI-Classro-4e786--session-quality-indicators-chromium-desktop-retry1/test-failed-1.png
    ────────────────────────────────────────────────────────────────────────────────────────────────

    Error Context: ../test-results/classroom-Audio-AI-Classro-4e786--session-quality-indicators-chromium-desktop-retry1/error-context.md

    attachment #3: trace (application/zip) ─────────────────────────────────────────────────────────
    ../test-results/classroom-Audio-AI-Classro-4e786--session-quality-indicators-chromium-desktop-retry1/trace.zip
    Usage:

        npx playwright show-trace ../test-results/classroom-Audio-AI-Classro-4e786--session-quality-indicators-chromium-desktop-retry1/trace.zip

    ────────────────────────────────────────────────────────────────────────────────────────────────
]]>
</failure>
<system-out>
<![CDATA[
[[ATTACHMENT|../../test-results/classroom-Audio-AI-Classro-4e786--session-quality-indicators-chromium-desktop/test-failed-1.png]]

[[ATTACHMENT|../../test-results/classroom-Audio-AI-Classro-4e786--session-quality-indicators-chromium-desktop/error-context.md]]

[[ATTACHMENT|../../test-results/classroom-Audio-AI-Classro-4e786--session-quality-indicators-chromium-desktop/trace.zip]]

[[ATTACHMENT|../../test-results/classroom-Audio-AI-Classro-4e786--session-quality-indicators-chromium-desktop-retry1/test-failed-1.png]]

[[ATTACHMENT|../../test-results/classroom-Audio-AI-Classro-4e786--session-quality-indicators-chromium-desktop-retry1/error-context.md]]

[[ATTACHMENT|../../test-results/classroom-Audio-AI-Classro-4e786--session-quality-indicators-chromium-desktop-retry1/trace.zip]]
]]>
</system-out>
</testcase>
<testcase name="Session Management › should display session history on dashboard" classname="classroom.spec.ts" time="28.346">
<failure message="classroom.spec.ts:196:7 should display session history on dashboard" type="FAILURE">
<![CDATA[  [chromium-desktop] › classroom.spec.ts:196:7 › Session Management › should display session history on dashboard 

    TimeoutError: page.fill: Timeout 10000ms exceeded.
    Call log:
      - waiting for locator('input[name="email"]')


      197 |     // Login
      198 |     await page.goto('/login');
    > 199 |     await page.fill('input[name="email"]', TEST_EMAIL);
          |                ^
      200 |     await page.fill('input[name="password"]', TEST_PASSWORD);
      201 |     await page.click('button[type="submit"]');
      202 |     await page.waitForURL('/dashboard');
        at /Users/umasankrudhya/Projects/pinglearn/pinglearn-app/e2e/classroom.spec.ts:199:16

    attachment #1: screenshot (image/png) ──────────────────────────────────────────────────────────
    ../test-results/classroom-Session-Manageme-7ef96-ession-history-on-dashboard-chromium-desktop/test-failed-1.png
    ────────────────────────────────────────────────────────────────────────────────────────────────

    Error Context: ../test-results/classroom-Session-Manageme-7ef96-ession-history-on-dashboard-chromium-desktop/error-context.md

    attachment #3: trace (application/zip) ─────────────────────────────────────────────────────────
    ../test-results/classroom-Session-Manageme-7ef96-ession-history-on-dashboard-chromium-desktop/trace.zip
    Usage:

        npx playwright show-trace ../test-results/classroom-Session-Manageme-7ef96-ession-history-on-dashboard-chromium-desktop/trace.zip

    ────────────────────────────────────────────────────────────────────────────────────────────────

    Retry #1 ───────────────────────────────────────────────────────────────────────────────────────

    TimeoutError: page.fill: Timeout 10000ms exceeded.
    Call log:
      - waiting for locator('input[name="email"]')


      197 |     // Login
      198 |     await page.goto('/login');
    > 199 |     await page.fill('input[name="email"]', TEST_EMAIL);
          |                ^
      200 |     await page.fill('input[name="password"]', TEST_PASSWORD);
      201 |     await page.click('button[type="submit"]');
      202 |     await page.waitForURL('/dashboard');
        at /Users/umasankrudhya/Projects/pinglearn/pinglearn-app/e2e/classroom.spec.ts:199:16

    attachment #1: screenshot (image/png) ──────────────────────────────────────────────────────────
    ../test-results/classroom-Session-Manageme-7ef96-ession-history-on-dashboard-chromium-desktop-retry1/test-failed-1.png
    ────────────────────────────────────────────────────────────────────────────────────────────────

    Error Context: ../test-results/classroom-Session-Manageme-7ef96-ession-history-on-dashboard-chromium-desktop-retry1/error-context.md

    attachment #3: trace (application/zip) ─────────────────────────────────────────────────────────
    ../test-results/classroom-Session-Manageme-7ef96-ession-history-on-dashboard-chromium-desktop-retry1/trace.zip
    Usage:

        npx playwright show-trace ../test-results/classroom-Session-Manageme-7ef96-ession-history-on-dashboard-chromium-desktop-retry1/trace.zip

    ────────────────────────────────────────────────────────────────────────────────────────────────
]]>
</failure>
<system-out>
<![CDATA[
[[ATTACHMENT|../../test-results/classroom-Session-Manageme-7ef96-ession-history-on-dashboard-chromium-desktop/test-failed-1.png]]

[[ATTACHMENT|../../test-results/classroom-Session-Manageme-7ef96-ession-history-on-dashboard-chromium-desktop/error-context.md]]

[[ATTACHMENT|../../test-results/classroom-Session-Manageme-7ef96-ession-history-on-dashboard-chromium-desktop/trace.zip]]

[[ATTACHMENT|../../test-results/classroom-Session-Manageme-7ef96-ession-history-on-dashboard-chromium-desktop-retry1/test-failed-1.png]]

[[ATTACHMENT|../../test-results/classroom-Session-Manageme-7ef96-ession-history-on-dashboard-chromium-desktop-retry1/error-context.md]]

[[ATTACHMENT|../../test-results/classroom-Session-Manageme-7ef96-ession-history-on-dashboard-chromium-desktop-retry1/trace.zip]]
]]>
</system-out>
</testcase>
<testcase name="Session Management › should show quick start widget" classname="classroom.spec.ts" time="23.251">
<failure message="classroom.spec.ts:220:7 should show quick start widget" type="FAILURE">
<![CDATA[  [chromium-desktop] › classroom.spec.ts:220:7 › Session Management › should show quick start widget 

    TimeoutError: page.fill: Timeout 10000ms exceeded.
    Call log:
      - waiting for locator('input[name="email"]')


      221 |     // Login
      222 |     await page.goto('/login');
    > 223 |     await page.fill('input[name="email"]', TEST_EMAIL);
          |                ^
      224 |     await page.fill('input[name="password"]', TEST_PASSWORD);
      225 |     await page.click('button[type="submit"]');
      226 |     await page.waitForURL('/dashboard');
        at /Users/umasankrudhya/Projects/pinglearn/pinglearn-app/e2e/classroom.spec.ts:223:16

    attachment #1: screenshot (image/png) ──────────────────────────────────────────────────────────
    ../test-results/classroom-Session-Management-should-show-quick-start-widget-chromium-desktop/test-failed-1.png
    ────────────────────────────────────────────────────────────────────────────────────────────────

    Error Context: ../test-results/classroom-Session-Management-should-show-quick-start-widget-chromium-desktop/error-context.md

    attachment #3: trace (application/zip) ─────────────────────────────────────────────────────────
    ../test-results/classroom-Session-Management-should-show-quick-start-widget-chromium-desktop/trace.zip
    Usage:

        npx playwright show-trace ../test-results/classroom-Session-Management-should-show-quick-start-widget-chromium-desktop/trace.zip

    ────────────────────────────────────────────────────────────────────────────────────────────────

    Retry #1 ───────────────────────────────────────────────────────────────────────────────────────

    TimeoutError: page.fill: Timeout 10000ms exceeded.
    Call log:
      - waiting for locator('input[name="email"]')


      221 |     // Login
      222 |     await page.goto('/login');
    > 223 |     await page.fill('input[name="email"]', TEST_EMAIL);
          |                ^
      224 |     await page.fill('input[name="password"]', TEST_PASSWORD);
      225 |     await page.click('button[type="submit"]');
      226 |     await page.waitForURL('/dashboard');
        at /Users/umasankrudhya/Projects/pinglearn/pinglearn-app/e2e/classroom.spec.ts:223:16

    attachment #1: screenshot (image/png) ──────────────────────────────────────────────────────────
    ../test-results/classroom-Session-Management-should-show-quick-start-widget-chromium-desktop-retry1/test-failed-1.png
    ────────────────────────────────────────────────────────────────────────────────────────────────

    Error Context: ../test-results/classroom-Session-Management-should-show-quick-start-widget-chromium-desktop-retry1/error-context.md

    attachment #3: trace (application/zip) ─────────────────────────────────────────────────────────
    ../test-results/classroom-Session-Management-should-show-quick-start-widget-chromium-desktop-retry1/trace.zip
    Usage:

        npx playwright show-trace ../test-results/classroom-Session-Management-should-show-quick-start-widget-chromium-desktop-retry1/trace.zip

    ────────────────────────────────────────────────────────────────────────────────────────────────
]]>
</failure>
<system-out>
<![CDATA[
[[ATTACHMENT|../../test-results/classroom-Session-Management-should-show-quick-start-widget-chromium-desktop/test-failed-1.png]]

[[ATTACHMENT|../../test-results/classroom-Session-Management-should-show-quick-start-widget-chromium-desktop/error-context.md]]

[[ATTACHMENT|../../test-results/classroom-Session-Management-should-show-quick-start-widget-chromium-desktop/trace.zip]]

[[ATTACHMENT|../../test-results/classroom-Session-Management-should-show-quick-start-widget-chromium-desktop-retry1/test-failed-1.png]]

[[ATTACHMENT|../../test-results/classroom-Session-Management-should-show-quick-start-widget-chromium-desktop-retry1/error-context.md]]

[[ATTACHMENT|../../test-results/classroom-Session-Management-should-show-quick-start-widget-chromium-desktop-retry1/trace.zip]]
]]>
</system-out>
</testcase>
<testcase name="Session Management › should navigate to classroom from quick start" classname="classroom.spec.ts" time="23.491">
<failure message="classroom.spec.ts:241:7 should navigate to classroom from quick start" type="FAILURE">
<![CDATA[  [chromium-desktop] › classroom.spec.ts:241:7 › Session Management › should navigate to classroom from quick start 

    TimeoutError: page.fill: Timeout 10000ms exceeded.
    Call log:
      - waiting for locator('input[name="email"]')


      242 |     // Login
      243 |     await page.goto('/login');
    > 244 |     await page.fill('input[name="email"]', TEST_EMAIL);
          |                ^
      245 |     await page.fill('input[name="password"]', TEST_PASSWORD);
      246 |     await page.click('button[type="submit"]');
      247 |     await page.waitForURL('/dashboard');
        at /Users/umasankrudhya/Projects/pinglearn/pinglearn-app/e2e/classroom.spec.ts:244:16

    attachment #1: screenshot (image/png) ──────────────────────────────────────────────────────────
    ../test-results/classroom-Session-Manageme-66de9--classroom-from-quick-start-chromium-desktop/test-failed-1.png
    ────────────────────────────────────────────────────────────────────────────────────────────────

    Error Context: ../test-results/classroom-Session-Manageme-66de9--classroom-from-quick-start-chromium-desktop/error-context.md

    attachment #3: trace (application/zip) ─────────────────────────────────────────────────────────
    ../test-results/classroom-Session-Manageme-66de9--classroom-from-quick-start-chromium-desktop/trace.zip
    Usage:

        npx playwright show-trace ../test-results/classroom-Session-Manageme-66de9--classroom-from-quick-start-chromium-desktop/trace.zip

    ────────────────────────────────────────────────────────────────────────────────────────────────

    Retry #1 ───────────────────────────────────────────────────────────────────────────────────────

    TimeoutError: page.fill: Timeout 10000ms exceeded.
    Call log:
      - waiting for locator('input[name="email"]')


      242 |     // Login
      243 |     await page.goto('/login');
    > 244 |     await page.fill('input[name="email"]', TEST_EMAIL);
          |                ^
      245 |     await page.fill('input[name="password"]', TEST_PASSWORD);
      246 |     await page.click('button[type="submit"]');
      247 |     await page.waitForURL('/dashboard');
        at /Users/umasankrudhya/Projects/pinglearn/pinglearn-app/e2e/classroom.spec.ts:244:16

    attachment #1: screenshot (image/png) ──────────────────────────────────────────────────────────
    ../test-results/classroom-Session-Manageme-66de9--classroom-from-quick-start-chromium-desktop-retry1/test-failed-1.png
    ────────────────────────────────────────────────────────────────────────────────────────────────

    Error Context: ../test-results/classroom-Session-Manageme-66de9--classroom-from-quick-start-chromium-desktop-retry1/error-context.md

    attachment #3: trace (application/zip) ─────────────────────────────────────────────────────────
    ../test-results/classroom-Session-Manageme-66de9--classroom-from-quick-start-chromium-desktop-retry1/trace.zip
    Usage:

        npx playwright show-trace ../test-results/classroom-Session-Manageme-66de9--classroom-from-quick-start-chromium-desktop-retry1/trace.zip

    ────────────────────────────────────────────────────────────────────────────────────────────────
]]>
</failure>
<system-out>
<![CDATA[
[[ATTACHMENT|../../test-results/classroom-Session-Manageme-66de9--classroom-from-quick-start-chromium-desktop/test-failed-1.png]]

[[ATTACHMENT|../../test-results/classroom-Session-Manageme-66de9--classroom-from-quick-start-chromium-desktop/error-context.md]]

[[ATTACHMENT|../../test-results/classroom-Session-Manageme-66de9--classroom-from-quick-start-chromium-desktop/trace.zip]]

[[ATTACHMENT|../../test-results/classroom-Session-Manageme-66de9--classroom-from-quick-start-chromium-desktop-retry1/test-failed-1.png]]

[[ATTACHMENT|../../test-results/classroom-Session-Manageme-66de9--classroom-from-quick-start-chromium-desktop-retry1/error-context.md]]

[[ATTACHMENT|../../test-results/classroom-Session-Manageme-66de9--classroom-from-quick-start-chromium-desktop-retry1/trace.zip]]
]]>
</system-out>
</testcase>
<testcase name="Accessibility › classroom page should be accessible" classname="classroom.spec.ts" time="23.285">
<failure message="classroom.spec.ts:258:7 classroom page should be accessible" type="FAILURE">
<![CDATA[  [chromium-desktop] › classroom.spec.ts:258:7 › Accessibility › classroom page should be accessible 

    TimeoutError: page.fill: Timeout 10000ms exceeded.
    Call log:
      - waiting for locator('input[name="email"]')


      259 |     // Login
      260 |     await page.goto('/login');
    > 261 |     await page.fill('input[name="email"]', TEST_EMAIL);
          |                ^
      262 |     await page.fill('input[name="password"]', TEST_PASSWORD);
      263 |     await page.click('button[type="submit"]');
      264 |     await page.waitForURL('/dashboard');
        at /Users/umasankrudhya/Projects/pinglearn/pinglearn-app/e2e/classroom.spec.ts:261:16

    attachment #1: screenshot (image/png) ──────────────────────────────────────────────────────────
    ../test-results/classroom-Accessibility-classroom-page-should-be-accessible-chromium-desktop/test-failed-1.png
    ────────────────────────────────────────────────────────────────────────────────────────────────

    Error Context: ../test-results/classroom-Accessibility-classroom-page-should-be-accessible-chromium-desktop/error-context.md

    attachment #3: trace (application/zip) ─────────────────────────────────────────────────────────
    ../test-results/classroom-Accessibility-classroom-page-should-be-accessible-chromium-desktop/trace.zip
    Usage:

        npx playwright show-trace ../test-results/classroom-Accessibility-classroom-page-should-be-accessible-chromium-desktop/trace.zip

    ────────────────────────────────────────────────────────────────────────────────────────────────

    Retry #1 ───────────────────────────────────────────────────────────────────────────────────────

    TimeoutError: page.fill: Timeout 10000ms exceeded.
    Call log:
      - waiting for locator('input[name="email"]')


      259 |     // Login
      260 |     await page.goto('/login');
    > 261 |     await page.fill('input[name="email"]', TEST_EMAIL);
          |                ^
      262 |     await page.fill('input[name="password"]', TEST_PASSWORD);
      263 |     await page.click('button[type="submit"]');
      264 |     await page.waitForURL('/dashboard');
        at /Users/umasankrudhya/Projects/pinglearn/pinglearn-app/e2e/classroom.spec.ts:261:16

    attachment #1: screenshot (image/png) ──────────────────────────────────────────────────────────
    ../test-results/classroom-Accessibility-classroom-page-should-be-accessible-chromium-desktop-retry1/test-failed-1.png
    ────────────────────────────────────────────────────────────────────────────────────────────────

    Error Context: ../test-results/classroom-Accessibility-classroom-page-should-be-accessible-chromium-desktop-retry1/error-context.md

    attachment #3: trace (application/zip) ─────────────────────────────────────────────────────────
    ../test-results/classroom-Accessibility-classroom-page-should-be-accessible-chromium-desktop-retry1/trace.zip
    Usage:

        npx playwright show-trace ../test-results/classroom-Accessibility-classroom-page-should-be-accessible-chromium-desktop-retry1/trace.zip

    ────────────────────────────────────────────────────────────────────────────────────────────────
]]>
</failure>
<system-out>
<![CDATA[
[[ATTACHMENT|../../test-results/classroom-Accessibility-classroom-page-should-be-accessible-chromium-desktop/test-failed-1.png]]

[[ATTACHMENT|../../test-results/classroom-Accessibility-classroom-page-should-be-accessible-chromium-desktop/error-context.md]]

[[ATTACHMENT|../../test-results/classroom-Accessibility-classroom-page-should-be-accessible-chromium-desktop/trace.zip]]

[[ATTACHMENT|../../test-results/classroom-Accessibility-classroom-page-should-be-accessible-chromium-desktop-retry1/test-failed-1.png]]

[[ATTACHMENT|../../test-results/classroom-Accessibility-classroom-page-should-be-accessible-chromium-desktop-retry1/error-context.md]]

[[ATTACHMENT|../../test-results/classroom-Accessibility-classroom-page-should-be-accessible-chromium-desktop-retry1/trace.zip]]
]]>
</system-out>
</testcase>
<testcase name="Accessibility › should support keyboard shortcuts" classname="classroom.spec.ts" time="23.32">
<failure message="classroom.spec.ts:281:7 should support keyboard shortcuts" type="FAILURE">
<![CDATA[  [chromium-desktop] › classroom.spec.ts:281:7 › Accessibility › should support keyboard shortcuts ─

    TimeoutError: page.fill: Timeout 10000ms exceeded.
    Call log:
      - waiting for locator('input[name="email"]')


      282 |     // Login and navigate to classroom
      283 |     await page.goto('/login');
    > 284 |     await page.fill('input[name="email"]', TEST_EMAIL);
          |                ^
      285 |     await page.fill('input[name="password"]', TEST_PASSWORD);
      286 |     await page.click('button[type="submit"]');
      287 |     await page.waitForURL('/dashboard');
[...]

[[ATTACHMENT|../../test-results/error-recovery-resilience--b3ccc--and-Authorization-Failures-error-recovery/trace.zip]]

🔐 Testing Authentication and Authorization Failures

🛡️ Testing Invalid Credentials (HIGH)...
  ❌ Invalid Credentials: Test failed with TimeoutError: page.fill: Timeout 10000ms exceeded.
Call log:
[2m  - waiting for locator('input[name="email"]')[22m


🛡️ Testing Session Expiration (CRITICAL)...
  ❌ Session Expiration: Test failed with Error: page.screenshot: Target page, context or browser has been closed

🛡️ Testing Unauthorized Access (MEDIUM)...
  ❌ Unauthorized Access: Test failed with Error: page.route: Target page, context or browser has been closed

[[ATTACHMENT|../../test-results/error-recovery-resilience--b3ccc--and-Authorization-Failures-error-recovery-retry1/error-context.md]]

[[ATTACHMENT|../../test-results/error-recovery-resilience--b3ccc--and-Authorization-Failures-error-recovery-retry1/trace.zip]]
]]>
</system-out>
</testcase>
<testcase name="Error Recovery and Resilience Testing › Resource Loading Failures" classname="error-recovery-resilience.spec.ts" time="75.319">
<failure message="error-recovery-resilience.spec.ts:567:7 Resource Loading Failures" type="FAILURE">
<![CDATA[  [error-recovery] › error-recovery-resilience.spec.ts:567:7 › Error Recovery and Resilience Testing › Resource Loading Failures 

    Test timeout of 30000ms exceeded.

    Error Context: ../test-results/error-recovery-resilience--3d915-g-Resource-Loading-Failures-error-recovery/error-context.md

    attachment #2: trace (application/zip) ─────────────────────────────────────────────────────────
    ../test-results/error-recovery-resilience--3d915-g-Resource-Loading-Failures-error-recovery/trace.zip
    Usage:

        npx playwright show-trace ../test-results/error-recovery-resilience--3d915-g-Resource-Loading-Failures-error-recovery/trace.zip

    ────────────────────────────────────────────────────────────────────────────────────────────────

    Retry #1 ───────────────────────────────────────────────────────────────────────────────────────

    Test timeout of 30000ms exceeded.

    attachment #1: screenshot (image/png) ──────────────────────────────────────────────────────────
    ../test-results/error-recovery-resilience--3d915-g-Resource-Loading-Failures-error-recovery-retry1/test-failed-1.png
    ────────────────────────────────────────────────────────────────────────────────────────────────

    attachment #2: trace (application/zip) ─────────────────────────────────────────────────────────
    ../test-results/error-recovery-resilience--3d915-g-Resource-Loading-Failures-error-recovery-retry1/trace.zip
    Usage:

        npx playwright show-trace ../test-results/error-recovery-resilience--3d915-g-Resource-Loading-Failures-error-recovery-retry1/trace.zip

    ────────────────────────────────────────────────────────────────────────────────────────────────
]]>
</failure>
<system-out>
<![CDATA[
📦 Testing Resource Loading Failures

🛡️ Testing JavaScript Loading Failure (CRITICAL)...
  ❌ JavaScript Loading Failure: Handled=true, Graceful=false, UserFriendly=false, Recoverable=true (839ms)

🛡️ Testing CSS Loading Failure (MEDIUM)...
  ❌ CSS Loading Failure: Handled=true, Graceful=false, UserFriendly=false, Recoverable=true (17683ms)

🛡️ Testing Image Loading Failure (LOW)...
  ❌ Image Loading Failure: Test failed with Error: page.unroute: Target page, context or browser has been closed

[[ATTACHMENT|../../test-results/error-recovery-resilience--3d915-g-Resource-Loading-Failures-error-recovery/error-context.md]]

[[ATTACHMENT|../../test-results/error-recovery-resilience--3d915-g-Resource-Loading-Failures-error-recovery/trace.zip]]

📦 Testing Resource Loading Failures

🛡️ Testing JavaScript Loading Failure (CRITICAL)...
  ❌ JavaScript Loading Failure: Handled=true, Graceful=false, UserFriendly=false, Recoverable=true (884ms)

🛡️ Testing CSS Loading Failure (MEDIUM)...
  ❌ CSS Loading Failure: Test failed with TimeoutError: page.goto: Timeout 30000ms exceeded.
Call log:
[2m  - navigating to "http://localhost:3006/", waiting until "load"[22m


🛡️ Testing Image Loading Failure (LOW)...
  ❌ Image Loading Failure: Test failed with Error: page.goto: Test timeout of 30000ms exceeded.
Call log:
[2m  - navigating to "http://localhost:3006/", waiting until "load"[22m


[[ATTACHMENT|../../test-results/error-recovery-resilience--3d915-g-Resource-Loading-Failures-error-recovery-retry1/test-failed-1.png]]

[[ATTACHMENT|../../test-results/error-recovery-resilience--3d915-g-Resource-Loading-Failures-error-recovery-retry1/trace.zip]]
]]>
</system-out>
</testcase>
<testcase name="Error Recovery and Resilience Testing › User Input Validation and Error Handling" classname="error-recovery-resilience.spec.ts" time="74.301">
<failure message="error-recovery-resilience.spec.ts:648:7 User Input Validation and Error Handling" type="FAILURE">
<![CDATA[  [error-recovery] › error-recovery-resilience.spec.ts:648:7 › Error Recovery and Resilience Testing › User Input Validation and Error Handling 

    Test timeout of 30000ms exceeded.

    Error Context: ../test-results/error-recovery-resilience--a0ec9-lidation-and-Error-Handling-error-recovery/error-context.md

    attachment #2: trace (application/zip) ─────────────────────────────────────────────────────────
    ../test-results/error-recovery-resilience--a0ec9-lidation-and-Error-Handling-error-recovery/trace.zip
    Usage:

        npx playwright show-trace ../test-results/error-recovery-resilience--a0ec9-lidation-and-Error-Handling-error-recovery/trace.zip

    ────────────────────────────────────────────────────────────────────────────────────────────────

    Retry #1 ───────────────────────────────────────────────────────────────────────────────────────

    Test timeout of 30000ms exceeded.

    attachment #1: screenshot (image/png) ──────────────────────────────────────────────────────────
    ../test-results/error-recovery-resilience--a0ec9-lidation-and-Error-Handling-error-recovery-retry1/test-failed-1.png
    ────────────────────────────────────────────────────────────────────────────────────────────────

    Error Context: ../test-results/error-recovery-resilience--a0ec9-lidation-and-Error-Handling-error-recovery-retry1/error-context.md

    attachment #3: trace (application/zip) ─────────────────────────────────────────────────────────
    ../test-results/error-recovery-resilience--a0ec9-lidation-and-Error-Handling-error-recovery-retry1/trace.zip
    Usage:

        npx playwright show-trace ../test-results/error-recovery-resilience--a0ec9-lidation-and-Error-Handling-error-recovery-retry1/trace.zip

    ────────────────────────────────────────────────────────────────────────────────────────────────
]]>
</failure>
<system-out>
<![CDATA[
📝 Testing User Input Validation and Error Handling

🛡️ Testing Invalid Email Format (MEDIUM)...
  ❌ Invalid Email Format: Test failed with TypeError: page.blur is not a function

🛡️ Testing Empty Required Fields (MEDIUM)...
  ❌ Empty Required Fields: Handled=false, Graceful=false, UserFriendly=false, Recoverable=false (18390ms)

🛡️ Testing Form Data Loss Prevention (HIGH)...
  ❌ Form Data Loss Prevention: Test failed with Error: page.fill: Test timeout of 30000ms exceeded.
Call log:
[2m  - waiting for locator('input[name="email"]')[22m


[[ATTACHMENT|../../test-results/error-recovery-resilience--a0ec9-lidation-and-Error-Handling-error-recovery/error-context.md]]

[[ATTACHMENT|../../test-results/error-recovery-resilience--a0ec9-lidation-and-Error-Handling-error-recovery/trace.zip]]

📝 Testing User Input Validation and Error Handling

🛡️ Testing Invalid Email Format (MEDIUM)...
  ❌ Invalid Email Format: Test failed with TypeError: page.blur is not a function

🛡️ Testing Empty Required Fields (MEDIUM)...
  ❌ Empty Required Fields: Test failed with TimeoutError: page.goto: Timeout 30000ms exceeded.
Call log:
[2m  - navigating to "http://localhost:3006/login", waiting until "load"[22m


🛡️ Testing Form Data Loss Prevention (HIGH)...
  ❌ Form Data Loss Prevention: Test failed with Error: page.fill: Test timeout of 30000ms exceeded.
Call log:
[2m  - waiting for locator('input[name="email"]')[22m


[[ATTACHMENT|../../test-results/error-recovery-resilience--a0ec9-lidation-and-Error-Handling-error-recovery-retry1/test-failed-1.png]]

[[ATTACHMENT|../../test-results/error-recovery-resilience--a0ec9-lidation-and-Error-Handling-error-recovery-retry1/error-context.md]]

[[ATTACHMENT|../../test-results/error-recovery-resilience--a0ec9-lidation-and-Error-Handling-error-recovery-retry1/trace.zip]]
]]>
</system-out>
</testcase>
<testcase name="Error Recovery and Resilience Testing › Service Integration Failures" classname="error-recovery-resilience.spec.ts" time="71.9">
<failure message="error-recovery-resilience.spec.ts:731:7 Service Integration Failures" type="FAILURE">
<![CDATA[  [error-recovery] › error-recovery-resilience.spec.ts:731:7 › Error Recovery and Resilience Testing › Service Integration Failures 

    Test timeout of 30000ms exceeded.

    Error Context: ../test-results/error-recovery-resilience--7df31-ervice-Integration-Failures-error-recovery/error-context.md

    attachment #2: trace (application/zip) ─────────────────────────────────────────────────────────
    ../test-results/error-recovery-resilience--7df31-ervice-Integration-Failures-error-recovery/trace.zip
    Usage:

        npx playwright show-trace ../test-results/error-recovery-resilience--7df31-ervice-Integration-Failures-error-recovery/trace.zip

    ────────────────────────────────────────────────────────────────────────────────────────────────

    Retry #1 ───────────────────────────────────────────────────────────────────────────────────────

    Test timeout of 30000ms exceeded.

    attachment #1: screenshot (image/png) ──────────────────────────────────────────────────────────
    ../test-results/error-recovery-resilience--7df31-ervice-Integration-Failures-error-recovery-retry1/test-failed-1.png
    ────────────────────────────────────────────────────────────────────────────────────────────────

    Error Context: ../test-results/error-recovery-resilience--7df31-ervice-Integration-Failures-error-recovery-retry1/error-context.md

    attachment #3: trace (application/zip) ─────────────────────────────────────────────────────────
    ../test-results/error-recovery-resilience--7df31-ervice-Integration-Failures-error-recovery-retry1/trace.zip
    Usage:

        npx playwright show-trace ../test-results/error-recovery-resilience--7df31-ervice-Integration-Failures-error-recovery-retry1/trace.zip

    ────────────────────────────────────────────────────────────────────────────────────────────────
]]>
</failure>
<system-out>
<![CDATA[
🔌 Testing Service Integration Failures

🛡️ Testing LiveKit Service Unavailable (HIGH)...
  ❌ LiveKit Service Unavailable: Handled=true, Graceful=false, UserFriendly=false, Recoverable=false (18507ms)

🛡️ Testing Transcription Service Failure (MEDIUM)...
  ❌ Transcription Service Failure: Handled=true, Graceful=false, UserFriendly=false, Recoverable=false (17720ms)

[[ATTACHMENT|../../test-results/error-recovery-resilience--7df31-ervice-Integration-Failures-error-recovery/error-context.md]]

[[ATTACHMENT|../../test-results/error-recovery-resilience--7df31-ervice-Integration-Failures-error-recovery/trace.zip]]

🔌 Testing Service Integration Failures

🛡️ Testing LiveKit Service Unavailable (HIGH)...
  ❌ LiveKit Service Unavailable: Handled=true, Graceful=false, UserFriendly=false, Recoverable=false (1145ms)

🛡️ Testing Transcription Service Failure (MEDIUM)...
  ❌ Transcription Service Failure: Test failed with TimeoutError: page.goto: Timeout 30000ms exceeded.
Call log:
[2m  - navigating to "http://localhost:3006/classroom", waiting until "load"[22m


[[ATTACHMENT|../../test-results/error-recovery-resilience--7df31-ervice-Integration-Failures-error-recovery-retry1/test-failed-1.png]]

[[ATTACHMENT|../../test-results/error-recovery-resilience--7df31-ervice-Integration-Failures-error-recovery-retry1/error-context.md]]

[[ATTACHMENT|../../test-results/error-recovery-resilience--7df31-ervice-Integration-Failures-error-recovery-retry1/trace.zip]]
]]>
</system-out>
</testcase>
<testcase name="Error Recovery and Resilience Testing › Browser Compatibility and Edge Cases" classname="error-recovery-resilience.spec.ts" time="70.859">
<failure message="error-recovery-resilience.spec.ts:804:7 Browser Compatibility and Edge Cases" type="FAILURE">
<![CDATA[  [error-recovery] › error-recovery-resilience.spec.ts:804:7 › Error Recovery and Resilience Testing › Browser Compatibility and Edge Cases 

    Test timeout of 30000ms exceeded.

    Error Context: ../test-results/error-recovery-resilience--a9b85-ompatibility-and-Edge-Cases-error-recovery/error-context.md

    attachment #2: trace (application/zip) ─────────────────────────────────────────────────────────
    ../test-results/error-recovery-resilience--a9b85-ompatibility-and-Edge-Cases-error-recovery/trace.zip
    Usage:

        npx playwright show-trace ../test-results/error-recovery-resilience--a9b85-ompatibility-and-Edge-Cases-error-recovery/trace.zip

    ────────────────────────────────────────────────────────────────────────────────────────────────

    Retry #1 ───────────────────────────────────────────────────────────────────────────────────────

    Test timeout of 30000ms exceeded.

    attachment #1: screenshot (image/png) ──────────────────────────────────────────────────────────
    ../test-results/error-recovery-resilience--a9b85-ompatibility-and-Edge-Cases-error-recovery-retry1/test-failed-1.png
    ────────────────────────────────────────────────────────────────────────────────────────────────

    Error Context: ../test-results/error-recovery-resilience--a9b85-ompatibility-and-Edge-Cases-error-recovery-retry1/error-context.md

    attachment #3: trace (application/zip) ─────────────────────────────────────────────────────────
    ../test-results/error-recovery-resilience--a9b85-ompatibility-and-Edge-Cases-error-recovery-retry1/trace.zip
    Usage:

        npx playwright show-trace ../test-results/error-recovery-resilience--a9b85-ompatibility-and-Edge-Cases-error-recovery-retry1/trace.zip

    ────────────────────────────────────────────────────────────────────────────────────────────────
]]>
</failure>
<system-out>
<![CDATA[
🌐 Testing Browser Compatibility and Edge Cases

🛡️ Testing Microphone Permission Denied (HIGH)...
  ❌ Microphone Permission Denied: Handled=true, Graceful=false, UserFriendly=false, Recoverable=false (17492ms)

🛡️ Testing Local Storage Unavailable (MEDIUM)...
  ❌ Local Storage Unavailable: Handled=false, Graceful=false, UserFriendly=false, Recoverable=true (17734ms)

[[ATTACHMENT|../../test-results/error-recovery-resilience--a9b85-ompatibility-and-Edge-Cases-error-recovery/error-context.md]]

[[ATTACHMENT|../../test-results/error-recovery-resilience--a9b85-ompatibility-and-Edge-Cases-error-recovery/trace.zip]]

🌐 Testing Browser Compatibility and Edge Cases

🛡️ Testing Microphone Permission Denied (HIGH)...
  ❌ Microphone Permission Denied: Handled=true, Graceful=false, UserFriendly=false, Recoverable=false (1141ms)

🛡️ Testing Local Storage Unavailable (MEDIUM)...
  ❌ Local Storage Unavailable: Test failed with TimeoutError: page.goto: Timeout 30000ms exceeded.
Call log:
[2m  - navigating to "http://localhost:3006/", waiting until "load"[22m


[[ATTACHMENT|../../test-results/error-recovery-resilience--a9b85-ompatibility-and-Edge-Cases-error-recovery-retry1/test-failed-1.png]]

[[ATTACHMENT|../../test-results/error-recovery-resilience--a9b85-ompatibility-and-Edge-Cases-error-recovery-retry1/error-context.md]]

[[ATTACHMENT|../../test-results/error-recovery-resilience--a9b85-ompatibility-and-Edge-Cases-error-recovery-retry1/trace.zip]]
]]>
</system-out>
</testcase>
<testcase name="Error Recovery and Resilience Testing › Generate Error Recovery Report" classname="error-recovery-resilience.spec.ts" time="0.239">
<failure message="error-recovery-resilience.spec.ts:868:7 Generate Error Recovery Report" type="FAILURE">
<![CDATA[  [error-recovery] › error-recovery-resilience.spec.ts:868:7 › Error Recovery and Resilience Testing › Generate Error Recovery Report 

    Error: expect(received).toBeGreaterThanOrEqual(expected)

    Expected: >= 60
    Received:    0

      885 |
      886 |     // Application should handle at least 60% of error scenarios gracefully
    > 887 |     expect(handlingRate).toBeGreaterThanOrEqual(60);
          |                          ^
      888 |   });
      889 | });
        at /Users/umasankrudhya/Projects/pinglearn/pinglearn-app/e2e/error-recovery-resilience.spec.ts:887:26

    attachment #1: screenshot (image/png) ──────────────────────────────────────────────────────────
    ../test-results/error-recovery-resilience--a8522-erate-Error-Recovery-Report-error-recovery/test-failed-1.png
    ────────────────────────────────────────────────────────────────────────────────────────────────

    attachment #2: trace (application/zip) ─────────────────────────────────────────────────────────
    ../test-results/error-recovery-resilience--a8522-erate-Error-Recovery-Report-error-recovery/trace.zip
    Usage:

        npx playwright show-trace ../test-results/error-recovery-resilience--a8522-erate-Error-Recovery-Report-error-recovery/trace.zip

    ────────────────────────────────────────────────────────────────────────────────────────────────

    Retry #1 ───────────────────────────────────────────────────────────────────────────────────────

    Error: expect(received).toBeGreaterThanOrEqual(expected)

    Expected: >= 60
    Received:    0

      885 |
      886 |     // Application should handle at least 60% of error scenarios gracefully
    > 887 |     expect(handlingRate).toBeGreaterThanOrEqual(60);
          |                          ^
      888 |   });
      889 | });
        at /Users/umasankrudhya/Projects/pinglearn/pinglearn-app/e2e/error-recovery-resilience.spec.ts:887:26

    attachment #1: screenshot (image/png) ──────────────────────────────────────────────────────────
    ../test-results/error-recovery-resilience--a8522-erate-Error-Recovery-Report-error-recovery-retry1/test-failed-1.png
    ────────────────────────────────────────────────────────────────────────────────────────────────

    attachment #2: trace (application/zip) ─────────────────────────────────────────────────────────
    ../test-results/error-recovery-resilience--a8522-erate-Error-Recovery-Report-error-recovery-retry1/trace.zip
    Usage:

        npx playwright show-trace ../test-results/error-recovery-resilience--a8522-erate-Error-Recovery-Report-error-recovery-retry1/trace.zip

    ────────────────────────────────────────────────────────────────────────────────────────────────
]]>
</failure>
<system-out>
<![CDATA[
📊 Generating Error Recovery Report...

📊 Error recovery report saved to: e2e/test-reports/error-recovery/error-recovery-report.md
✅ Error recovery and resilience testing completed
🛡️ Overall Error Handling: 0.0% (0/0)

[[ATTACHMENT|../../test-results/error-recovery-resilience--a8522-erate-Error-Recovery-Report-error-recovery/test-failed-1.png]]

[[ATTACHMENT|../../test-results/error-recovery-resilience--a8522-erate-Error-Recovery-Report-error-recovery/trace.zip]]

📊 Generating Error Recovery Report...

📊 Error recovery report saved to: e2e/test-reports/error-recovery/error-recovery-report.md
✅ Error recovery and resilience testing completed
🛡️ Overall Error Handling: 0.0% (0/0)

[[ATTACHMENT|../../test-results/error-recovery-resilience--a8522-erate-Error-Recovery-Report-error-recovery-retry1/test-failed-1.png]]

[[ATTACHMENT|../../test-results/error-recovery-resilience--a8522-erate-Error-Recovery-Report-error-recovery-retry1/trace.zip]]
]]>
</system-out>
</testcase>
</testsuite>
</testsuites>